{"numTotalTestSuites":2,"numPassedTestSuites":0,"numFailedTestSuites":2,"numPendingTestSuites":0,"numTotalTests":6,"numPassedTests":0,"numFailedTests":6,"numPendingTests":0,"numTodoTests":0,"snapshot":{"added":0,"failure":false,"filesAdded":0,"filesRemoved":0,"filesRemovedList":[],"filesUnmatched":0,"filesUpdated":0,"matched":0,"total":0,"unchecked":0,"uncheckedKeysByFile":[],"unmatched":0,"updated":0,"didUpdate":false},"startTime":1754628215772,"success":false,"testResults":[{"assertionResults":[{"ancestorTitles":["PatientTable"],"fullName":"PatientTable should show loading skeleton initially and fetch data","status":"failed","title":"should show loading skeleton initially and fetch data","duration":19.012899999999945,"failureMessages":["ReferenceError: React is not defined\n    at PatientTable (C:\\Users\\intel\\CascadeProjects\\wecare-app\\src\\components\\dashboard\\community\\PatientTable.tsx:101:3)\n    at Object.react_stack_bottom_frame (C:\\Users\\intel\\CascadeProjects\\wecare-app\\node_modules\\react-dom\\cjs\\react-dom-client.development.js:23863:20)\n    at renderWithHooks (C:\\Users\\intel\\CascadeProjects\\wecare-app\\node_modules\\react-dom\\cjs\\react-dom-client.development.js:5529:22)\n    at updateFunctionComponent (C:\\Users\\intel\\CascadeProjects\\wecare-app\\node_modules\\react-dom\\cjs\\react-dom-client.development.js:8897:19)\n    at beginWork (C:\\Users\\intel\\CascadeProjects\\wecare-app\\node_modules\\react-dom\\cjs\\react-dom-client.development.js:10522:18)\n    at runWithFiberInDEV (C:\\Users\\intel\\CascadeProjects\\wecare-app\\node_modules\\react-dom\\cjs\\react-dom-client.development.js:1522:13)\n    at performUnitOfWork (C:\\Users\\intel\\CascadeProjects\\wecare-app\\node_modules\\react-dom\\cjs\\react-dom-client.development.js:15140:22)\n    at workLoopSync (C:\\Users\\intel\\CascadeProjects\\wecare-app\\node_modules\\react-dom\\cjs\\react-dom-client.development.js:14956:41)\n    at renderRootSync (C:\\Users\\intel\\CascadeProjects\\wecare-app\\node_modules\\react-dom\\cjs\\react-dom-client.development.js:14936:11)\n    at performWorkOnRoot (C:\\Users\\intel\\CascadeProjects\\wecare-app\\node_modules\\react-dom\\cjs\\react-dom-client.development.js:14462:44)"],"meta":{}},{"ancestorTitles":["PatientTable"],"fullName":"PatientTable should display patients data after successful fetch","status":"failed","title":"should display patients data after successful fetch","duration":2.0815000000000055,"failureMessages":["ReferenceError: React is not defined\n    at PatientTable (C:\\Users\\intel\\CascadeProjects\\wecare-app\\src\\components\\dashboard\\community\\PatientTable.tsx:101:3)\n    at Object.react_stack_bottom_frame (C:\\Users\\intel\\CascadeProjects\\wecare-app\\node_modules\\react-dom\\cjs\\react-dom-client.development.js:23863:20)\n    at renderWithHooks (C:\\Users\\intel\\CascadeProjects\\wecare-app\\node_modules\\react-dom\\cjs\\react-dom-client.development.js:5529:22)\n    at updateFunctionComponent (C:\\Users\\intel\\CascadeProjects\\wecare-app\\node_modules\\react-dom\\cjs\\react-dom-client.development.js:8897:19)\n    at beginWork (C:\\Users\\intel\\CascadeProjects\\wecare-app\\node_modules\\react-dom\\cjs\\react-dom-client.development.js:10522:18)\n    at runWithFiberInDEV (C:\\Users\\intel\\CascadeProjects\\wecare-app\\node_modules\\react-dom\\cjs\\react-dom-client.development.js:1522:13)\n    at performUnitOfWork (C:\\Users\\intel\\CascadeProjects\\wecare-app\\node_modules\\react-dom\\cjs\\react-dom-client.development.js:15140:22)\n    at workLoopSync (C:\\Users\\intel\\CascadeProjects\\wecare-app\\node_modules\\react-dom\\cjs\\react-dom-client.development.js:14956:41)\n    at renderRootSync (C:\\Users\\intel\\CascadeProjects\\wecare-app\\node_modules\\react-dom\\cjs\\react-dom-client.development.js:14936:11)\n    at performWorkOnRoot (C:\\Users\\intel\\CascadeProjects\\wecare-app\\node_modules\\react-dom\\cjs\\react-dom-client.development.js:14462:44)"],"meta":{}},{"ancestorTitles":["PatientTable"],"fullName":"PatientTable should display error message on fetch failure","status":"failed","title":"should display error message on fetch failure","duration":1.8705999999999676,"failureMessages":["ReferenceError: React is not defined\n    at PatientTable (C:\\Users\\intel\\CascadeProjects\\wecare-app\\src\\components\\dashboard\\community\\PatientTable.tsx:101:3)\n    at Object.react_stack_bottom_frame (C:\\Users\\intel\\CascadeProjects\\wecare-app\\node_modules\\react-dom\\cjs\\react-dom-client.development.js:23863:20)\n    at renderWithHooks (C:\\Users\\intel\\CascadeProjects\\wecare-app\\node_modules\\react-dom\\cjs\\react-dom-client.development.js:5529:22)\n    at updateFunctionComponent (C:\\Users\\intel\\CascadeProjects\\wecare-app\\node_modules\\react-dom\\cjs\\react-dom-client.development.js:8897:19)\n    at beginWork (C:\\Users\\intel\\CascadeProjects\\wecare-app\\node_modules\\react-dom\\cjs\\react-dom-client.development.js:10522:18)\n    at runWithFiberInDEV (C:\\Users\\intel\\CascadeProjects\\wecare-app\\node_modules\\react-dom\\cjs\\react-dom-client.development.js:1522:13)\n    at performUnitOfWork (C:\\Users\\intel\\CascadeProjects\\wecare-app\\node_modules\\react-dom\\cjs\\react-dom-client.development.js:15140:22)\n    at workLoopSync (C:\\Users\\intel\\CascadeProjects\\wecare-app\\node_modules\\react-dom\\cjs\\react-dom-client.development.js:14956:41)\n    at renderRootSync (C:\\Users\\intel\\CascadeProjects\\wecare-app\\node_modules\\react-dom\\cjs\\react-dom-client.development.js:14936:11)\n    at performWorkOnRoot (C:\\Users\\intel\\CascadeProjects\\wecare-app\\node_modules\\react-dom\\cjs\\react-dom-client.development.js:14462:44)"],"meta":{}},{"ancestorTitles":["PatientTable"],"fullName":"PatientTable should call onRowClick with patient id when a row is clicked","status":"failed","title":"should call onRowClick with patient id when a row is clicked","duration":1.3759000000000015,"failureMessages":["ReferenceError: React is not defined\n    at PatientTable (C:\\Users\\intel\\CascadeProjects\\wecare-app\\src\\components\\dashboard\\community\\PatientTable.tsx:101:3)\n    at Object.react_stack_bottom_frame (C:\\Users\\intel\\CascadeProjects\\wecare-app\\node_modules\\react-dom\\cjs\\react-dom-client.development.js:23863:20)\n    at renderWithHooks (C:\\Users\\intel\\CascadeProjects\\wecare-app\\node_modules\\react-dom\\cjs\\react-dom-client.development.js:5529:22)\n    at updateFunctionComponent (C:\\Users\\intel\\CascadeProjects\\wecare-app\\node_modules\\react-dom\\cjs\\react-dom-client.development.js:8897:19)\n    at beginWork (C:\\Users\\intel\\CascadeProjects\\wecare-app\\node_modules\\react-dom\\cjs\\react-dom-client.development.js:10522:18)\n    at runWithFiberInDEV (C:\\Users\\intel\\CascadeProjects\\wecare-app\\node_modules\\react-dom\\cjs\\react-dom-client.development.js:1522:13)\n    at performUnitOfWork (C:\\Users\\intel\\CascadeProjects\\wecare-app\\node_modules\\react-dom\\cjs\\react-dom-client.development.js:15140:22)\n    at workLoopSync (C:\\Users\\intel\\CascadeProjects\\wecare-app\\node_modules\\react-dom\\cjs\\react-dom-client.development.js:14956:41)\n    at renderRootSync (C:\\Users\\intel\\CascadeProjects\\wecare-app\\node_modules\\react-dom\\cjs\\react-dom-client.development.js:14936:11)\n    at performWorkOnRoot (C:\\Users\\intel\\CascadeProjects\\wecare-app\\node_modules\\react-dom\\cjs\\react-dom-client.development.js:14462:44)"],"meta":{}},{"ancestorTitles":["PatientTable"],"fullName":"PatientTable should handle pagination correctly","status":"failed","title":"should handle pagination correctly","duration":2.315900000000056,"failureMessages":["ReferenceError: React is not defined\n    at PatientTable (C:\\Users\\intel\\CascadeProjects\\wecare-app\\src\\components\\dashboard\\community\\PatientTable.tsx:101:3)\n    at Object.react_stack_bottom_frame (C:\\Users\\intel\\CascadeProjects\\wecare-app\\node_modules\\react-dom\\cjs\\react-dom-client.development.js:23863:20)\n    at renderWithHooks (C:\\Users\\intel\\CascadeProjects\\wecare-app\\node_modules\\react-dom\\cjs\\react-dom-client.development.js:5529:22)\n    at updateFunctionComponent (C:\\Users\\intel\\CascadeProjects\\wecare-app\\node_modules\\react-dom\\cjs\\react-dom-client.development.js:8897:19)\n    at beginWork (C:\\Users\\intel\\CascadeProjects\\wecare-app\\node_modules\\react-dom\\cjs\\react-dom-client.development.js:10522:18)\n    at runWithFiberInDEV (C:\\Users\\intel\\CascadeProjects\\wecare-app\\node_modules\\react-dom\\cjs\\react-dom-client.development.js:1522:13)\n    at performUnitOfWork (C:\\Users\\intel\\CascadeProjects\\wecare-app\\node_modules\\react-dom\\cjs\\react-dom-client.development.js:15140:22)\n    at workLoopSync (C:\\Users\\intel\\CascadeProjects\\wecare-app\\node_modules\\react-dom\\cjs\\react-dom-client.development.js:14956:41)\n    at renderRootSync (C:\\Users\\intel\\CascadeProjects\\wecare-app\\node_modules\\react-dom\\cjs\\react-dom-client.development.js:14936:11)\n    at performWorkOnRoot (C:\\Users\\intel\\CascadeProjects\\wecare-app\\node_modules\\react-dom\\cjs\\react-dom-client.development.js:14462:44)"],"meta":{}},{"ancestorTitles":["PatientTable"],"fullName":"PatientTable should refetch data when search term changes","status":"failed","title":"should refetch data when search term changes","duration":1.0627000000001772,"failureMessages":["ReferenceError: React is not defined\n    at PatientTable (C:\\Users\\intel\\CascadeProjects\\wecare-app\\src\\components\\dashboard\\community\\PatientTable.tsx:101:3)\n    at Object.react_stack_bottom_frame (C:\\Users\\intel\\CascadeProjects\\wecare-app\\node_modules\\react-dom\\cjs\\react-dom-client.development.js:23863:20)\n    at renderWithHooks (C:\\Users\\intel\\CascadeProjects\\wecare-app\\node_modules\\react-dom\\cjs\\react-dom-client.development.js:5529:22)\n    at updateFunctionComponent (C:\\Users\\intel\\CascadeProjects\\wecare-app\\node_modules\\react-dom\\cjs\\react-dom-client.development.js:8897:19)\n    at beginWork (C:\\Users\\intel\\CascadeProjects\\wecare-app\\node_modules\\react-dom\\cjs\\react-dom-client.development.js:10522:18)\n    at runWithFiberInDEV (C:\\Users\\intel\\CascadeProjects\\wecare-app\\node_modules\\react-dom\\cjs\\react-dom-client.development.js:1522:13)\n    at performUnitOfWork (C:\\Users\\intel\\CascadeProjects\\wecare-app\\node_modules\\react-dom\\cjs\\react-dom-client.development.js:15140:22)\n    at workLoopSync (C:\\Users\\intel\\CascadeProjects\\wecare-app\\node_modules\\react-dom\\cjs\\react-dom-client.development.js:14956:41)\n    at renderRootSync (C:\\Users\\intel\\CascadeProjects\\wecare-app\\node_modules\\react-dom\\cjs\\react-dom-client.development.js:14936:11)\n    at performWorkOnRoot (C:\\Users\\intel\\CascadeProjects\\wecare-app\\node_modules\\react-dom\\cjs\\react-dom-client.development.js:14462:44)"],"meta":{}}],"startTime":1754628217242,"endTime":1754628217270.0627,"status":"failed","message":"","name":"C:/Users/intel/CascadeProjects/wecare-app/__tests__/components/dashboard/community/PatientTable.test.tsx"}]}