{"numTotalTestSuites":4,"numPassedTestSuites":0,"numFailedTestSuites":4,"numPendingTestSuites":0,"numTotalTests":3,"numPassedTests":0,"numFailedTests":3,"numPendingTests":0,"numTodoTests":0,"snapshot":{"added":0,"failure":false,"filesAdded":0,"filesRemoved":0,"filesRemovedList":[],"filesUnmatched":0,"filesUpdated":0,"matched":0,"total":0,"unchecked":0,"uncheckedKeysByFile":[],"unmatched":0,"updated":0,"didUpdate":false},"startTime":1753333117706,"success":false,"testResults":[{"assertionResults":[],"startTime":1753333117706,"endTime":1753333117706,"status":"failed","message":"Failed to resolve import \"msw\" from \"src/test/AddPatientModal.spec.tsx\". Does the file exist?","name":"C:/Users/intel/CascadeProjects/wecare-app/src/test/AddPatientModal.spec.tsx"},{"assertionResults":[],"startTime":1753333117706,"endTime":1753333117706,"status":"failed","message":"Failed to resolve import \"msw\" from \"src/test/CommunityDashboardPage.spec.tsx\". Does the file exist?","name":"C:/Users/intel/CascadeProjects/wecare-app/src/test/CommunityDashboardPage.spec.tsx"},{"assertionResults":[{"ancestorTitles":["PermissionGuard (AuthGuard)"],"fullName":"PermissionGuard (AuthGuard) redirects to /login when not authenticated","status":"failed","title":"redirects to /login when not authenticated","duration":15.916999999999916,"failureMessages":["Error: Element type is invalid: expected a string (for built-in components) or a class/function (for composite components) but got: undefined. You likely forgot to export your component from the file it's defined in, or you might have mixed up default and named imports.\n    at createFiberFromTypeAndProps (C:\\Users\\intel\\CascadeProjects\\wecare-app\\node_modules\\react-dom\\cjs\\react-dom-client.development.js:4259:28)\n    at createFiberFromElement (C:\\Users\\intel\\CascadeProjects\\wecare-app\\node_modules\\react-dom\\cjs\\react-dom-client.development.js:4273:14)\n    at reconcileChildFibersImpl (C:\\Users\\intel\\CascadeProjects\\wecare-app\\node_modules\\react-dom\\cjs\\react-dom-client.development.js:7879:31)\n    at C:\\Users\\intel\\CascadeProjects\\wecare-app\\node_modules\\react-dom\\cjs\\react-dom-client.development.js:8057:33\n    at reconcileChildren (C:\\Users\\intel\\CascadeProjects\\wecare-app\\node_modules\\react-dom\\cjs\\react-dom-client.development.js:8622:13)\n    at beginWork (C:\\Users\\intel\\CascadeProjects\\wecare-app\\node_modules\\react-dom\\cjs\\react-dom-client.development.js:10643:15)\n    at runWithFiberInDEV (C:\\Users\\intel\\CascadeProjects\\wecare-app\\node_modules\\react-dom\\cjs\\react-dom-client.development.js:1522:13)\n    at performUnitOfWork (C:\\Users\\intel\\CascadeProjects\\wecare-app\\node_modules\\react-dom\\cjs\\react-dom-client.development.js:15140:22)\n    at workLoopSync (C:\\Users\\intel\\CascadeProjects\\wecare-app\\node_modules\\react-dom\\cjs\\react-dom-client.development.js:14956:41)\n    at renderRootSync (C:\\Users\\intel\\CascadeProjects\\wecare-app\\node_modules\\react-dom\\cjs\\react-dom-client.development.js:14936:11)"],"meta":{}},{"ancestorTitles":["PermissionGuard (AuthGuard)"],"fullName":"PermissionGuard (AuthGuard) renders children when authenticated","status":"failed","title":"renders children when authenticated","duration":2.247899999999845,"failureMessages":["Error: Element type is invalid: expected a string (for built-in components) or a class/function (for composite components) but got: undefined. You likely forgot to export your component from the file it's defined in, or you might have mixed up default and named imports.\n    at createFiberFromTypeAndProps (C:\\Users\\intel\\CascadeProjects\\wecare-app\\node_modules\\react-dom\\cjs\\react-dom-client.development.js:4259:28)\n    at createFiberFromElement (C:\\Users\\intel\\CascadeProjects\\wecare-app\\node_modules\\react-dom\\cjs\\react-dom-client.development.js:4273:14)\n    at reconcileChildFibersImpl (C:\\Users\\intel\\CascadeProjects\\wecare-app\\node_modules\\react-dom\\cjs\\react-dom-client.development.js:7879:31)\n    at C:\\Users\\intel\\CascadeProjects\\wecare-app\\node_modules\\react-dom\\cjs\\react-dom-client.development.js:8057:33\n    at reconcileChildren (C:\\Users\\intel\\CascadeProjects\\wecare-app\\node_modules\\react-dom\\cjs\\react-dom-client.development.js:8622:13)\n    at beginWork (C:\\Users\\intel\\CascadeProjects\\wecare-app\\node_modules\\react-dom\\cjs\\react-dom-client.development.js:10643:15)\n    at runWithFiberInDEV (C:\\Users\\intel\\CascadeProjects\\wecare-app\\node_modules\\react-dom\\cjs\\react-dom-client.development.js:1522:13)\n    at performUnitOfWork (C:\\Users\\intel\\CascadeProjects\\wecare-app\\node_modules\\react-dom\\cjs\\react-dom-client.development.js:15140:22)\n    at workLoopSync (C:\\Users\\intel\\CascadeProjects\\wecare-app\\node_modules\\react-dom\\cjs\\react-dom-client.development.js:14956:41)\n    at renderRootSync (C:\\Users\\intel\\CascadeProjects\\wecare-app\\node_modules\\react-dom\\cjs\\react-dom-client.development.js:14936:11)"],"meta":{}},{"ancestorTitles":["PermissionGuard (AuthGuard)"],"fullName":"PermissionGuard (AuthGuard) allows dev override when NEXT_PUBLIC_DEV_USER_ID matches","status":"failed","title":"allows dev override when NEXT_PUBLIC_DEV_USER_ID matches","duration":1.8888999999999214,"failureMessages":["Error: Element type is invalid: expected a string (for built-in components) or a class/function (for composite components) but got: undefined. You likely forgot to export your component from the file it's defined in, or you might have mixed up default and named imports.\n    at createFiberFromTypeAndProps (C:\\Users\\intel\\CascadeProjects\\wecare-app\\node_modules\\react-dom\\cjs\\react-dom-client.development.js:4259:28)\n    at createFiberFromElement (C:\\Users\\intel\\CascadeProjects\\wecare-app\\node_modules\\react-dom\\cjs\\react-dom-client.development.js:4273:14)\n    at reconcileChildFibersImpl (C:\\Users\\intel\\CascadeProjects\\wecare-app\\node_modules\\react-dom\\cjs\\react-dom-client.development.js:7879:31)\n    at C:\\Users\\intel\\CascadeProjects\\wecare-app\\node_modules\\react-dom\\cjs\\react-dom-client.development.js:8057:33\n    at reconcileChildren (C:\\Users\\intel\\CascadeProjects\\wecare-app\\node_modules\\react-dom\\cjs\\react-dom-client.development.js:8622:13)\n    at beginWork (C:\\Users\\intel\\CascadeProjects\\wecare-app\\node_modules\\react-dom\\cjs\\react-dom-client.development.js:10643:15)\n    at runWithFiberInDEV (C:\\Users\\intel\\CascadeProjects\\wecare-app\\node_modules\\react-dom\\cjs\\react-dom-client.development.js:1522:13)\n    at performUnitOfWork (C:\\Users\\intel\\CascadeProjects\\wecare-app\\node_modules\\react-dom\\cjs\\react-dom-client.development.js:15140:22)\n    at workLoopSync (C:\\Users\\intel\\CascadeProjects\\wecare-app\\node_modules\\react-dom\\cjs\\react-dom-client.development.js:14956:41)\n    at renderRootSync (C:\\Users\\intel\\CascadeProjects\\wecare-app\\node_modules\\react-dom\\cjs\\react-dom-client.development.js:14936:11)"],"meta":{}}],"startTime":1753333119917,"endTime":1753333119936.889,"status":"failed","message":"","name":"C:/Users/intel/CascadeProjects/wecare-app/src/test/PermissionGuard.spec.tsx"}]}