{"numTotalTestSuites":2,"numPassedTestSuites":2,"numFailedTestSuites":0,"numPendingTestSuites":0,"numTotalTests":3,"numPassedTests":3,"numFailedTests":0,"numPendingTests":0,"numTodoTests":0,"snapshot":{"added":0,"failure":false,"filesAdded":0,"filesRemoved":0,"filesRemovedList":[],"filesUnmatched":0,"filesUpdated":0,"matched":0,"total":0,"unchecked":0,"uncheckedKeysByFile":[],"unmatched":0,"updated":0,"didUpdate":false},"startTime":1753782269154,"success":true,"testResults":[{"assertionResults":[{"ancestorTitles":["/api/patients API"],"fullName":"/api/patients API GET returns patients array","status":"passed","title":"GET returns patients array","duration":4.924600000000055,"failureMessages":[],"meta":{}},{"ancestorTitles":["/api/patients API"],"fullName":"/api/patients API POST missing required returns 400","status":"passed","title":"POST missing required returns 400","duration":0.7352000000000771,"failureMessages":[],"meta":{}},{"ancestorTitles":["/api/patients API"],"fullName":"/api/patients API POST valid body returns 201","status":"passed","title":"POST valid body returns 201","duration":0.5211000000001604,"failureMessages":[],"meta":{}}],"startTime":1753782270826,"endTime":1753782270831.735,"status":"passed","message":"","name":"C:/Users/intel/CascadeProjects/wecare-app/app/api/patients/route.test.ts"}]}